{"/Users/lukedonahue/alchemy/career-track/data-structures-and-algorithms/challenges/sets/Set.js": {"path":"/Users/lukedonahue/alchemy/career-track/data-structures-and-algorithms/challenges/sets/Set.js","statementMap":{"0":{"start":{"line":3,"column":4},"end":{"line":3,"column":24}},"1":{"start":{"line":7,"column":4},"end":{"line":7,"column":40}},"2":{"start":{"line":11,"column":4},"end":{"line":12,"column":38}},"3":{"start":{"line":11,"column":25},"end":{"line":11,"column":91}},"4":{"start":{"line":12,"column":11},"end":{"line":12,"column":36}},"5":{"start":{"line":16,"column":4},"end":{"line":17,"column":80}},"6":{"start":{"line":16,"column":25},"end":{"line":16,"column":78}},"7":{"start":{"line":17,"column":11},"end":{"line":17,"column":78}},"8":{"start":{"line":21,"column":16},"end":{"line":24,"column":10}},"9":{"start":{"line":22,"column":6},"end":{"line":22,"column":41}},"10":{"start":{"line":22,"column":25},"end":{"line":22,"column":39}},"11":{"start":{"line":23,"column":6},"end":{"line":23,"column":17}},"12":{"start":{"line":25,"column":4},"end":{"line":25,"column":24}},"13":{"start":{"line":29,"column":16},"end":{"line":32,"column":26}},"14":{"start":{"line":30,"column":6},"end":{"line":30,"column":47}},"15":{"start":{"line":30,"column":31},"end":{"line":30,"column":45}},"16":{"start":{"line":31,"column":6},"end":{"line":31,"column":17}},"17":{"start":{"line":33,"column":4},"end":{"line":33,"column":24}},"18":{"start":{"line":37,"column":17},"end":{"line":37,"column":32}},"19":{"start":{"line":38,"column":25},"end":{"line":38,"column":47}},"20":{"start":{"line":39,"column":4},"end":{"line":41,"column":7}},"21":{"start":{"line":40,"column":6},"end":{"line":40,"column":62}},"22":{"start":{"line":42,"column":4},"end":{"line":42,"column":16}},"23":{"start":{"line":46,"column":4},"end":{"line":46,"column":35}},"24":{"start":{"line":50,"column":4},"end":{"line":50,"column":28}},"25":{"start":{"line":54,"column":4},"end":{"line":54,"column":33}},"26":{"start":{"line":59,"column":0},"end":{"line":61,"column":2}}},"fnMap":{"0":{"name":"(anonymous_0)","decl":{"start":{"line":2,"column":2},"end":{"line":2,"column":3}},"loc":{"start":{"line":2,"column":24},"end":{"line":4,"column":3}},"line":2},"1":{"name":"(anonymous_1)","decl":{"start":{"line":6,"column":2},"end":{"line":6,"column":3}},"loc":{"start":{"line":6,"column":12},"end":{"line":8,"column":3}},"line":6},"2":{"name":"(anonymous_2)","decl":{"start":{"line":10,"column":2},"end":{"line":10,"column":3}},"loc":{"start":{"line":10,"column":12},"end":{"line":13,"column":3}},"line":10},"3":{"name":"(anonymous_3)","decl":{"start":{"line":15,"column":2},"end":{"line":15,"column":3}},"loc":{"start":{"line":15,"column":15},"end":{"line":18,"column":3}},"line":15},"4":{"name":"(anonymous_4)","decl":{"start":{"line":20,"column":2},"end":{"line":20,"column":3}},"loc":{"start":{"line":20,"column":20},"end":{"line":26,"column":3}},"line":20},"5":{"name":"(anonymous_5)","decl":{"start":{"line":21,"column":37},"end":{"line":21,"column":38}},"loc":{"start":{"line":21,"column":51},"end":{"line":24,"column":5}},"line":21},"6":{"name":"(anonymous_6)","decl":{"start":{"line":28,"column":2},"end":{"line":28,"column":3}},"loc":{"start":{"line":28,"column":13},"end":{"line":34,"column":3}},"line":28},"7":{"name":"(anonymous_7)","decl":{"start":{"line":29,"column":36},"end":{"line":29,"column":37}},"loc":{"start":{"line":29,"column":50},"end":{"line":32,"column":5}},"line":29},"8":{"name":"(anonymous_8)","decl":{"start":{"line":36,"column":2},"end":{"line":36,"column":3}},"loc":{"start":{"line":36,"column":18},"end":{"line":43,"column":3}},"line":36},"9":{"name":"(anonymous_9)","decl":{"start":{"line":39,"column":34},"end":{"line":39,"column":35}},"loc":{"start":{"line":39,"column":45},"end":{"line":41,"column":5}},"line":39},"10":{"name":"(anonymous_10)","decl":{"start":{"line":45,"column":2},"end":{"line":45,"column":3}},"loc":{"start":{"line":45,"column":34},"end":{"line":47,"column":3}},"line":45},"11":{"name":"(anonymous_11)","decl":{"start":{"line":49,"column":2},"end":{"line":49,"column":3}},"loc":{"start":{"line":49,"column":27},"end":{"line":51,"column":3}},"line":49},"12":{"name":"(anonymous_12)","decl":{"start":{"line":53,"column":2},"end":{"line":53,"column":3}},"loc":{"start":{"line":53,"column":32},"end":{"line":55,"column":3}},"line":53}},"branchMap":{"0":{"loc":{"start":{"line":2,"column":14},"end":{"line":2,"column":22}},"type":"default-arg","locations":[{"start":{"line":2,"column":20},"end":{"line":2,"column":22}}],"line":2},"1":{"loc":{"start":{"line":11,"column":4},"end":{"line":12,"column":38}},"type":"if","locations":[{"start":{"line":11,"column":4},"end":{"line":12,"column":38}},{"start":{"line":11,"column":4},"end":{"line":12,"column":38}}],"line":11},"2":{"loc":{"start":{"line":16,"column":4},"end":{"line":17,"column":80}},"type":"if","locations":[{"start":{"line":16,"column":4},"end":{"line":17,"column":80}},{"start":{"line":16,"column":4},"end":{"line":17,"column":80}}],"line":16},"3":{"loc":{"start":{"line":22,"column":6},"end":{"line":22,"column":41}},"type":"if","locations":[{"start":{"line":22,"column":6},"end":{"line":22,"column":41}},{"start":{"line":22,"column":6},"end":{"line":22,"column":41}}],"line":22},"4":{"loc":{"start":{"line":30,"column":6},"end":{"line":30,"column":47}},"type":"if","locations":[{"start":{"line":30,"column":6},"end":{"line":30,"column":47}},{"start":{"line":30,"column":6},"end":{"line":30,"column":47}}],"line":30}},"s":{"0":26,"1":29,"2":3,"3":1,"4":2,"5":2,"6":1,"7":1,"8":6,"9":19,"10":10,"11":19,"12":6,"13":4,"14":16,"15":8,"16":16,"17":4,"18":2,"19":2,"20":2,"21":4,"22":2,"23":1,"24":1,"25":1,"26":1},"f":{"0":26,"1":29,"2":3,"3":2,"4":6,"5":19,"6":4,"7":16,"8":2,"9":4,"10":1,"11":1,"12":1},"b":{"0":[0],"1":[1,2],"2":[1,1],"3":[10,9],"4":[8,8]},"_coverageSchema":"43e27e138ebf9cfc5966b082cf9a028302ed4184","hash":"f2ae6b42b96827f885c0e6c5d301cb55b878c7fd"}
}
