{"/Users/lukedonahue/alchemy/career-track/data-structures-and-algorithms/challenges/arrayBinarySearch/array-binary-search.js": {"path":"/Users/lukedonahue/alchemy/career-track/data-structures-and-algorithms/challenges/arrayBinarySearch/array-binary-search.js","statementMap":{"0":{"start":{"line":2,"column":14},"end":{"line":2,"column":16}},"1":{"start":{"line":3,"column":2},"end":{"line":7,"column":3}},"2":{"start":{"line":3,"column":14},"end":{"line":3,"column":15}},"3":{"start":{"line":4,"column":4},"end":{"line":6,"column":5}},"4":{"start":{"line":5,"column":6},"end":{"line":5,"column":16}},"5":{"start":{"line":8,"column":2},"end":{"line":8,"column":15}},"6":{"start":{"line":11,"column":0},"end":{"line":13,"column":2}}},"fnMap":{"0":{"name":"binarySearch","decl":{"start":{"line":1,"column":9},"end":{"line":1,"column":21}},"loc":{"start":{"line":1,"column":32},"end":{"line":9,"column":1}},"line":1}},"branchMap":{"0":{"loc":{"start":{"line":4,"column":4},"end":{"line":6,"column":5}},"type":"if","locations":[{"start":{"line":4,"column":4},"end":{"line":6,"column":5}},{"start":{"line":4,"column":4},"end":{"line":6,"column":5}}],"line":4}},"s":{"0":2,"1":2,"2":2,"3":13,"4":1,"5":2,"6":1},"f":{"0":2},"b":{"0":[1,12]},"_coverageSchema":"43e27e138ebf9cfc5966b082cf9a028302ed4184","hash":"8cf506d67345ceaee358bbc422086e70d2ac89cc"}
,"/Users/lukedonahue/alchemy/career-track/data-structures-and-algorithms/challenges/arrayShift/array-shift.js": {"path":"/Users/lukedonahue/alchemy/career-track/data-structures-and-algorithms/challenges/arrayShift/array-shift.js","statementMap":{"0":{"start":{"line":2,"column":17},"end":{"line":2,"column":27}},"1":{"start":{"line":3,"column":2},"end":{"line":5,"column":3}},"2":{"start":{"line":3,"column":14},"end":{"line":3,"column":15}},"3":{"start":{"line":4,"column":4},"end":{"line":4,"column":42}},"4":{"start":{"line":6,"column":2},"end":{"line":6,"column":15}},"5":{"start":{"line":7,"column":2},"end":{"line":7,"column":13}},"6":{"start":{"line":10,"column":0},"end":{"line":12,"column":2}}},"fnMap":{"0":{"name":"arrayShift","decl":{"start":{"line":1,"column":9},"end":{"line":1,"column":19}},"loc":{"start":{"line":1,"column":30},"end":{"line":8,"column":1}},"line":1}},"branchMap":{},"s":{"0":2,"1":2,"2":2,"3":9,"4":2,"5":2,"6":1},"f":{"0":2},"b":{},"_coverageSchema":"43e27e138ebf9cfc5966b082cf9a028302ed4184","hash":"d34df0d745337614905cb888a43d7f9ee842468c"}
,"/Users/lukedonahue/alchemy/career-track/data-structures-and-algorithms/challenges/linkedList/linked-list.js": {"path":"/Users/lukedonahue/alchemy/career-track/data-structures-and-algorithms/challenges/linkedList/linked-list.js","statementMap":{"0":{"start":{"line":3,"column":4},"end":{"line":3,"column":21}},"1":{"start":{"line":4,"column":4},"end":{"line":4,"column":18}},"2":{"start":{"line":8,"column":17},"end":{"line":8,"column":32}},"3":{"start":{"line":9,"column":4},"end":{"line":9,"column":26}},"4":{"start":{"line":11,"column":4},"end":{"line":11,"column":21}},"5":{"start":{"line":12,"column":4},"end":{"line":12,"column":16}},"6":{"start":{"line":16,"column":22},"end":{"line":16,"column":31}},"7":{"start":{"line":17,"column":4},"end":{"line":22,"column":5}},"8":{"start":{"line":17,"column":16},"end":{"line":17,"column":17}},"9":{"start":{"line":18,"column":6},"end":{"line":20,"column":7}},"10":{"start":{"line":19,"column":8},"end":{"line":19,"column":20}},"11":{"start":{"line":21,"column":6},"end":{"line":21,"column":37}},"12":{"start":{"line":23,"column":4},"end":{"line":23,"column":17}},"13":{"start":{"line":27,"column":14},"end":{"line":27,"column":34}},"14":{"start":{"line":28,"column":22},"end":{"line":28,"column":36}},"15":{"start":{"line":29,"column":4},"end":{"line":32,"column":5}},"16":{"start":{"line":29,"column":16},"end":{"line":29,"column":17}},"17":{"start":{"line":30,"column":6},"end":{"line":30,"column":43}},"18":{"start":{"line":31,"column":6},"end":{"line":31,"column":37}},"19":{"start":{"line":33,"column":4},"end":{"line":33,"column":15}},"20":{"start":{"line":37,"column":22},"end":{"line":37,"column":31}},"21":{"start":{"line":38,"column":4},"end":{"line":40,"column":5}},"22":{"start":{"line":39,"column":6},"end":{"line":39,"column":37}},"23":{"start":{"line":41,"column":17},"end":{"line":41,"column":32}},"24":{"start":{"line":42,"column":4},"end":{"line":42,"column":61}},"25":{"start":{"line":43,"column":4},"end":{"line":43,"column":16}},"26":{"start":{"line":47,"column":22},"end":{"line":47,"column":31}},"27":{"start":{"line":48,"column":4},"end":{"line":57,"column":72}},"28":{"start":{"line":49,"column":6},"end":{"line":51,"column":7}},"29":{"start":{"line":50,"column":8},"end":{"line":50,"column":39}},"30":{"start":{"line":52,"column":19},"end":{"line":52,"column":35}},"31":{"start":{"line":53,"column":6},"end":{"line":53,"column":35}},"32":{"start":{"line":54,"column":6},"end":{"line":54,"column":30}},"33":{"start":{"line":55,"column":6},"end":{"line":55,"column":18}},"34":{"start":{"line":57,"column":13},"end":{"line":57,"column":70}},"35":{"start":{"line":61,"column":22},"end":{"line":61,"column":31}},"36":{"start":{"line":62,"column":4},"end":{"line":71,"column":71}},"37":{"start":{"line":63,"column":6},"end":{"line":65,"column":7}},"38":{"start":{"line":64,"column":8},"end":{"line":64,"column":39}},"39":{"start":{"line":66,"column":19},"end":{"line":66,"column":35}},"40":{"start":{"line":67,"column":6},"end":{"line":67,"column":35}},"41":{"start":{"line":68,"column":6},"end":{"line":68,"column":30}},"42":{"start":{"line":69,"column":6},"end":{"line":69,"column":18}},"43":{"start":{"line":71,"column":13},"end":{"line":71,"column":69}},"44":{"start":{"line":75,"column":4},"end":{"line":87,"column":5}},"45":{"start":{"line":76,"column":6},"end":{"line":76,"column":47}},"46":{"start":{"line":77,"column":11},"end":{"line":87,"column":5}},"47":{"start":{"line":78,"column":6},"end":{"line":78,"column":61}},"48":{"start":{"line":79,"column":11},"end":{"line":87,"column":5}},"49":{"start":{"line":80,"column":6},"end":{"line":80,"column":72}},"50":{"start":{"line":82,"column":24},"end":{"line":82,"column":33}},"51":{"start":{"line":83,"column":6},"end":{"line":85,"column":7}},"52":{"start":{"line":83,"column":18},"end":{"line":83,"column":19}},"53":{"start":{"line":84,"column":8},"end":{"line":84,"column":39}},"54":{"start":{"line":86,"column":6},"end":{"line":86,"column":25}},"55":{"start":{"line":93,"column":4},"end":{"line":93,"column":23}},"56":{"start":{"line":94,"column":4},"end":{"line":94,"column":21}},"57":{"start":{"line":98,"column":0},"end":{"line":101,"column":2}}},"fnMap":{"0":{"name":"(anonymous_0)","decl":{"start":{"line":2,"column":2},"end":{"line":2,"column":3}},"loc":{"start":{"line":2,"column":16},"end":{"line":5,"column":3}},"line":2},"1":{"name":"(anonymous_1)","decl":{"start":{"line":7,"column":2},"end":{"line":7,"column":3}},"loc":{"start":{"line":7,"column":16},"end":{"line":13,"column":3}},"line":7},"2":{"name":"(anonymous_2)","decl":{"start":{"line":15,"column":2},"end":{"line":15,"column":3}},"loc":{"start":{"line":15,"column":18},"end":{"line":24,"column":3}},"line":15},"3":{"name":"(anonymous_3)","decl":{"start":{"line":26,"column":2},"end":{"line":26,"column":3}},"loc":{"start":{"line":26,"column":13},"end":{"line":34,"column":3}},"line":26},"4":{"name":"(anonymous_4)","decl":{"start":{"line":36,"column":2},"end":{"line":36,"column":3}},"loc":{"start":{"line":36,"column":16},"end":{"line":44,"column":3}},"line":36},"5":{"name":"(anonymous_5)","decl":{"start":{"line":46,"column":2},"end":{"line":46,"column":3}},"loc":{"start":{"line":46,"column":30},"end":{"line":58,"column":3}},"line":46},"6":{"name":"(anonymous_6)","decl":{"start":{"line":60,"column":2},"end":{"line":60,"column":3}},"loc":{"start":{"line":60,"column":29},"end":{"line":72,"column":3}},"line":60},"7":{"name":"(anonymous_7)","decl":{"start":{"line":74,"column":2},"end":{"line":74,"column":3}},"loc":{"start":{"line":74,"column":16},"end":{"line":88,"column":3}},"line":74},"8":{"name":"(anonymous_8)","decl":{"start":{"line":92,"column":2},"end":{"line":92,"column":3}},"loc":{"start":{"line":92,"column":21},"end":{"line":95,"column":3}},"line":92}},"branchMap":{"0":{"loc":{"start":{"line":18,"column":6},"end":{"line":20,"column":7}},"type":"if","locations":[{"start":{"line":18,"column":6},"end":{"line":20,"column":7}},{"start":{"line":18,"column":6},"end":{"line":20,"column":7}}],"line":18},"1":{"loc":{"start":{"line":38,"column":10},"end":{"line":38,"column":48}},"type":"cond-expr","locations":[{"start":{"line":38,"column":24},"end":{"line":38,"column":40}},{"start":{"line":38,"column":43},"end":{"line":38,"column":48}}],"line":38},"2":{"loc":{"start":{"line":42,"column":4},"end":{"line":42,"column":60}},"type":"cond-expr","locations":[{"start":{"line":42,"column":18},"end":{"line":42,"column":41}},{"start":{"line":42,"column":44},"end":{"line":42,"column":60}}],"line":42},"3":{"loc":{"start":{"line":48,"column":4},"end":{"line":57,"column":72}},"type":"if","locations":[{"start":{"line":48,"column":4},"end":{"line":57,"column":72}},{"start":{"line":48,"column":4},"end":{"line":57,"column":72}}],"line":48},"4":{"loc":{"start":{"line":62,"column":4},"end":{"line":71,"column":71}},"type":"if","locations":[{"start":{"line":62,"column":4},"end":{"line":71,"column":71}},{"start":{"line":62,"column":4},"end":{"line":71,"column":71}}],"line":62},"5":{"loc":{"start":{"line":75,"column":4},"end":{"line":87,"column":5}},"type":"if","locations":[{"start":{"line":75,"column":4},"end":{"line":87,"column":5}},{"start":{"line":75,"column":4},"end":{"line":87,"column":5}}],"line":75},"6":{"loc":{"start":{"line":77,"column":11},"end":{"line":87,"column":5}},"type":"if","locations":[{"start":{"line":77,"column":11},"end":{"line":87,"column":5}},{"start":{"line":77,"column":11},"end":{"line":87,"column":5}}],"line":77},"7":{"loc":{"start":{"line":79,"column":11},"end":{"line":87,"column":5}},"type":"if","locations":[{"start":{"line":79,"column":11},"end":{"line":87,"column":5}},{"start":{"line":79,"column":11},"end":{"line":87,"column":5}}],"line":79}},"s":{"0":18,"1":18,"2":11,"3":11,"4":11,"5":11,"6":2,"7":2,"8":2,"9":4,"10":1,"11":3,"12":1,"13":3,"14":3,"15":3,"16":3,"17":14,"18":14,"19":3,"20":35,"21":35,"22":41,"23":35,"24":35,"25":35,"26":2,"27":2,"28":1,"29":0,"30":1,"31":1,"32":1,"33":1,"34":1,"35":2,"36":2,"37":1,"38":0,"39":1,"40":1,"41":1,"42":1,"43":1,"44":6,"45":1,"46":5,"47":1,"48":4,"49":2,"50":2,"51":2,"52":2,"53":4,"54":2,"55":48,"56":48,"57":1},"f":{"0":18,"1":11,"2":2,"3":3,"4":35,"5":2,"6":2,"7":6,"8":48},"b":{"0":[1,3],"1":[67,9],"2":[26,9],"3":[1,1],"4":[1,1],"5":[1,5],"6":[1,4],"7":[2,2]},"_coverageSchema":"43e27e138ebf9cfc5966b082cf9a028302ed4184","hash":"b6a9196bc0ffbab2529808f7f4947f58d57bcf66"}
,"/Users/lukedonahue/alchemy/career-track/data-structures-and-algorithms/challenges/ll-merge/ll-merge.js": {"path":"/Users/lukedonahue/alchemy/career-track/data-structures-and-algorithms/challenges/ll-merge/ll-merge.js","statementMap":{"0":{"start":{"line":1,"column":23},"end":{"line":1,"column":59}},"1":{"start":{"line":4,"column":16},"end":{"line":4,"column":30}},"2":{"start":{"line":5,"column":18},"end":{"line":5,"column":26}},"3":{"start":{"line":6,"column":18},"end":{"line":6,"column":26}},"4":{"start":{"line":7,"column":2},"end":{"line":12,"column":3}},"5":{"start":{"line":8,"column":4},"end":{"line":9,"column":34}},"6":{"start":{"line":8,"column":18},"end":{"line":8,"column":48}},"7":{"start":{"line":9,"column":6},"end":{"line":9,"column":33}},"8":{"start":{"line":10,"column":4},"end":{"line":11,"column":34}},"9":{"start":{"line":10,"column":18},"end":{"line":10,"column":48}},"10":{"start":{"line":11,"column":6},"end":{"line":11,"column":33}},"11":{"start":{"line":13,"column":2},"end":{"line":13,"column":15}},"12":{"start":{"line":16,"column":0},"end":{"line":18,"column":2}}},"fnMap":{"0":{"name":"merge","decl":{"start":{"line":3,"column":9},"end":{"line":3,"column":14}},"loc":{"start":{"line":3,"column":25},"end":{"line":14,"column":1}},"line":3}},"branchMap":{"0":{"loc":{"start":{"line":7,"column":8},"end":{"line":7,"column":30}},"type":"binary-expr","locations":[{"start":{"line":7,"column":8},"end":{"line":7,"column":17}},{"start":{"line":7,"column":21},"end":{"line":7,"column":30}}],"line":7},"1":{"loc":{"start":{"line":8,"column":4},"end":{"line":9,"column":34}},"type":"if","locations":[{"start":{"line":8,"column":4},"end":{"line":9,"column":34}},{"start":{"line":8,"column":4},"end":{"line":9,"column":34}}],"line":8},"2":{"loc":{"start":{"line":10,"column":4},"end":{"line":11,"column":34}},"type":"if","locations":[{"start":{"line":10,"column":4},"end":{"line":11,"column":34}},{"start":{"line":10,"column":4},"end":{"line":11,"column":34}}],"line":10}},"s":{"0":1,"1":2,"2":2,"3":2,"4":2,"5":8,"6":8,"7":8,"8":8,"9":6,"10":6,"11":2,"12":1},"f":{"0":2},"b":{"0":[10,2],"1":[8,0],"2":[6,2]},"_coverageSchema":"43e27e138ebf9cfc5966b082cf9a028302ed4184","hash":"a0f8aa6658a3cfef056853f0550465acce5ce4b6"}
,"/Users/lukedonahue/alchemy/career-track/data-structures-and-algorithms/challenges/pseudoQueue/pseudo-queue.js": {"path":"/Users/lukedonahue/alchemy/career-track/data-structures-and-algorithms/challenges/pseudoQueue/pseudo-queue.js","statementMap":{"0":{"start":{"line":1,"column":18},"end":{"line":1,"column":65}},"1":{"start":{"line":5,"column":4},"end":{"line":5,"column":28}},"2":{"start":{"line":6,"column":4},"end":{"line":6,"column":31}},"3":{"start":{"line":10,"column":4},"end":{"line":12,"column":5}},"4":{"start":{"line":11,"column":6},"end":{"line":11,"column":45}},"5":{"start":{"line":13,"column":4},"end":{"line":13,"column":31}},"6":{"start":{"line":14,"column":4},"end":{"line":16,"column":5}},"7":{"start":{"line":15,"column":6},"end":{"line":15,"column":45}},"8":{"start":{"line":20,"column":4},"end":{"line":20,"column":29}},"9":{"start":{"line":24,"column":4},"end":{"line":24,"column":30}},"10":{"start":{"line":29,"column":0},"end":{"line":31,"column":2}}},"fnMap":{"0":{"name":"(anonymous_0)","decl":{"start":{"line":4,"column":2},"end":{"line":4,"column":3}},"loc":{"start":{"line":4,"column":16},"end":{"line":7,"column":3}},"line":4},"1":{"name":"(anonymous_1)","decl":{"start":{"line":9,"column":2},"end":{"line":9,"column":3}},"loc":{"start":{"line":9,"column":17},"end":{"line":17,"column":3}},"line":9},"2":{"name":"(anonymous_2)","decl":{"start":{"line":19,"column":2},"end":{"line":19,"column":3}},"loc":{"start":{"line":19,"column":12},"end":{"line":21,"column":3}},"line":19},"3":{"name":"(anonymous_3)","decl":{"start":{"line":23,"column":2},"end":{"line":23,"column":3}},"loc":{"start":{"line":23,"column":9},"end":{"line":25,"column":3}},"line":23}},"branchMap":{},"s":{"0":1,"1":4,"2":4,"3":7,"4":6,"5":7,"6":7,"7":13,"8":3,"9":1,"10":1},"f":{"0":4,"1":7,"2":3,"3":1},"b":{},"_coverageSchema":"43e27e138ebf9cfc5966b082cf9a028302ed4184","hash":"4c507cae5c896adc3dbe5f3349dbc7d064dfe4a3"}
,"/Users/lukedonahue/alchemy/career-track/data-structures-and-algorithms/challenges/repeatedWord/repeated-word.js": {"path":"/Users/lukedonahue/alchemy/career-track/data-structures-and-algorithms/challenges/repeatedWord/repeated-word.js","statementMap":{"0":{"start":{"line":3,"column":20},"end":{"line":3,"column":78}},"1":{"start":{"line":4,"column":20},"end":{"line":4,"column":22}},"2":{"start":{"line":5,"column":13},"end":{"line":5,"column":15}},"3":{"start":{"line":6,"column":10},"end":{"line":6,"column":11}},"4":{"start":{"line":7,"column":2},"end":{"line":12,"column":3}},"5":{"start":{"line":8,"column":4},"end":{"line":8,"column":79}},"6":{"start":{"line":8,"column":57},"end":{"line":8,"column":77}},"7":{"start":{"line":9,"column":4},"end":{"line":9,"column":47}},"8":{"start":{"line":10,"column":4},"end":{"line":10,"column":8}},"9":{"start":{"line":11,"column":4},"end":{"line":11,"column":59}},"10":{"start":{"line":11,"column":30},"end":{"line":11,"column":59}},"11":{"start":{"line":13,"column":2},"end":{"line":13,"column":14}},"12":{"start":{"line":17,"column":20},"end":{"line":17,"column":78}},"13":{"start":{"line":19,"column":25},"end":{"line":23,"column":8}},"14":{"start":{"line":20,"column":4},"end":{"line":21,"column":47}},"15":{"start":{"line":20,"column":33},"end":{"line":20,"column":61}},"16":{"start":{"line":21,"column":11},"end":{"line":21,"column":45}},"17":{"start":{"line":22,"column":4},"end":{"line":22,"column":15}},"18":{"start":{"line":25,"column":22},"end":{"line":25,"column":98}},"19":{"start":{"line":25,"column":70},"end":{"line":25,"column":95}},"20":{"start":{"line":26,"column":2},"end":{"line":26,"column":82}},"21":{"start":{"line":27,"column":2},"end":{"line":27,"column":21}},"22":{"start":{"line":30,"column":0},"end":{"line":30,"column":71}},"23":{"start":{"line":32,"column":0},"end":{"line":35,"column":2}}},"fnMap":{"0":{"name":"firstRepeatedWord","decl":{"start":{"line":2,"column":9},"end":{"line":2,"column":26}},"loc":{"start":{"line":2,"column":32},"end":{"line":14,"column":1}},"line":2},"1":{"name":"topRepeatedList","decl":{"start":{"line":16,"column":9},"end":{"line":16,"column":24}},"loc":{"start":{"line":16,"column":30},"end":{"line":28,"column":1}},"line":16},"2":{"name":"(anonymous_2)","decl":{"start":{"line":19,"column":42},"end":{"line":19,"column":43}},"loc":{"start":{"line":19,"column":61},"end":{"line":23,"column":3}},"line":19},"3":{"name":"(anonymous_3)","decl":{"start":{"line":25,"column":58},"end":{"line":25,"column":59}},"loc":{"start":{"line":25,"column":68},"end":{"line":25,"column":97}},"line":25}},"branchMap":{"0":{"loc":{"start":{"line":8,"column":4},"end":{"line":8,"column":79}},"type":"if","locations":[{"start":{"line":8,"column":4},"end":{"line":8,"column":79}},{"start":{"line":8,"column":4},"end":{"line":8,"column":79}}],"line":8},"1":{"loc":{"start":{"line":11,"column":4},"end":{"line":11,"column":59}},"type":"if","locations":[{"start":{"line":11,"column":4},"end":{"line":11,"column":59}},{"start":{"line":11,"column":4},"end":{"line":11,"column":59}}],"line":11},"2":{"loc":{"start":{"line":20,"column":4},"end":{"line":21,"column":47}},"type":"if","locations":[{"start":{"line":20,"column":4},"end":{"line":21,"column":47}},{"start":{"line":20,"column":4},"end":{"line":21,"column":47}}],"line":20}},"s":{"0":4,"1":4,"2":4,"3":4,"4":4,"5":27,"6":3,"7":27,"8":27,"9":27,"10":1,"11":4,"12":3,"13":3,"14":30,"15":3,"16":27,"17":30,"18":3,"19":54,"20":3,"21":3,"22":1,"23":1},"f":{"0":4,"1":3,"2":30,"3":54},"b":{"0":[3,24],"1":[1,26],"2":[3,27]},"_coverageSchema":"43e27e138ebf9cfc5966b082cf9a028302ed4184","hash":"8b36875acd0a8ac054345427ce1555e15f40ab41"}
,"/Users/lukedonahue/alchemy/career-track/data-structures-and-algorithms/challenges/stacksAndQueues/stacks-and-queues.js": {"path":"/Users/lukedonahue/alchemy/career-track/data-structures-and-algorithms/challenges/stacksAndQueues/stacks-and-queues.js","statementMap":{"0":{"start":{"line":3,"column":4},"end":{"line":3,"column":23}},"1":{"start":{"line":4,"column":4},"end":{"line":4,"column":21}},"2":{"start":{"line":10,"column":4},"end":{"line":10,"column":20}},"3":{"start":{"line":14,"column":17},"end":{"line":14,"column":32}},"4":{"start":{"line":15,"column":4},"end":{"line":15,"column":25}},"5":{"start":{"line":16,"column":4},"end":{"line":16,"column":20}},"6":{"start":{"line":20,"column":17},"end":{"line":20,"column":25}},"7":{"start":{"line":21,"column":4},"end":{"line":21,"column":25}},"8":{"start":{"line":22,"column":4},"end":{"line":22,"column":22}},"9":{"start":{"line":26,"column":4},"end":{"line":26,"column":26}},"10":{"start":{"line":33,"column":4},"end":{"line":33,"column":22}},"11":{"start":{"line":37,"column":22},"end":{"line":37,"column":32}},"12":{"start":{"line":38,"column":4},"end":{"line":40,"column":5}},"13":{"start":{"line":39,"column":6},"end":{"line":39,"column":37}},"14":{"start":{"line":41,"column":17},"end":{"line":41,"column":32}},"15":{"start":{"line":42,"column":4},"end":{"line":42,"column":62}},"16":{"start":{"line":46,"column":17},"end":{"line":46,"column":27}},"17":{"start":{"line":47,"column":4},"end":{"line":47,"column":27}},"18":{"start":{"line":48,"column":4},"end":{"line":48,"column":16}},"19":{"start":{"line":52,"column":4},"end":{"line":52,"column":28}},"20":{"start":{"line":56,"column":0},"end":{"line":59,"column":2}}},"fnMap":{"0":{"name":"(anonymous_0)","decl":{"start":{"line":2,"column":2},"end":{"line":2,"column":3}},"loc":{"start":{"line":2,"column":21},"end":{"line":5,"column":3}},"line":2},"1":{"name":"(anonymous_1)","decl":{"start":{"line":9,"column":2},"end":{"line":9,"column":3}},"loc":{"start":{"line":9,"column":16},"end":{"line":11,"column":3}},"line":9},"2":{"name":"(anonymous_2)","decl":{"start":{"line":13,"column":2},"end":{"line":13,"column":3}},"loc":{"start":{"line":13,"column":14},"end":{"line":17,"column":3}},"line":13},"3":{"name":"(anonymous_3)","decl":{"start":{"line":19,"column":2},"end":{"line":19,"column":3}},"loc":{"start":{"line":19,"column":8},"end":{"line":23,"column":3}},"line":19},"4":{"name":"(anonymous_4)","decl":{"start":{"line":25,"column":2},"end":{"line":25,"column":3}},"loc":{"start":{"line":25,"column":9},"end":{"line":27,"column":3}},"line":25},"5":{"name":"(anonymous_5)","decl":{"start":{"line":32,"column":2},"end":{"line":32,"column":3}},"loc":{"start":{"line":32,"column":15},"end":{"line":34,"column":3}},"line":32},"6":{"name":"(anonymous_6)","decl":{"start":{"line":36,"column":2},"end":{"line":36,"column":3}},"loc":{"start":{"line":36,"column":16},"end":{"line":43,"column":3}},"line":36},"7":{"name":"(anonymous_7)","decl":{"start":{"line":45,"column":2},"end":{"line":45,"column":3}},"loc":{"start":{"line":45,"column":11},"end":{"line":49,"column":3}},"line":45},"8":{"name":"(anonymous_8)","decl":{"start":{"line":51,"column":2},"end":{"line":51,"column":3}},"loc":{"start":{"line":51,"column":8},"end":{"line":53,"column":3}},"line":51}},"branchMap":{"0":{"loc":{"start":{"line":38,"column":10},"end":{"line":38,"column":48}},"type":"cond-expr","locations":[{"start":{"line":38,"column":24},"end":{"line":38,"column":40}},{"start":{"line":38,"column":43},"end":{"line":38,"column":48}}],"line":38},"1":{"loc":{"start":{"line":42,"column":4},"end":{"line":42,"column":61}},"type":"cond-expr","locations":[{"start":{"line":42,"column":18},"end":{"line":42,"column":41}},{"start":{"line":42,"column":44},"end":{"line":42,"column":61}}],"line":42}},"s":{"0":52,"1":52,"2":16,"3":39,"4":39,"5":39,"6":26,"7":26,"8":26,"9":2,"10":6,"11":13,"12":13,"13":4,"14":13,"15":13,"16":4,"17":4,"18":4,"19":1,"20":2},"f":{"0":52,"1":16,"2":39,"3":26,"4":2,"5":6,"6":13,"7":4,"8":1},"b":{"0":[12,5],"1":[8,5]},"_coverageSchema":"43e27e138ebf9cfc5966b082cf9a028302ed4184","hash":"212acdf73a433722ed2d136be6052fe102b48ec8"}
,"/Users/lukedonahue/alchemy/career-track/data-structures-and-algorithms/challenges/tree/tree.js": {"path":"/Users/lukedonahue/alchemy/career-track/data-structures-and-algorithms/challenges/tree/tree.js","statementMap":{"0":{"start":{"line":3,"column":4},"end":{"line":3,"column":23}},"1":{"start":{"line":4,"column":4},"end":{"line":4,"column":21}},"2":{"start":{"line":5,"column":4},"end":{"line":5,"column":22}},"3":{"start":{"line":9,"column":0},"end":{"line":40,"column":2}},"4":{"start":{"line":11,"column":4},"end":{"line":11,"column":59}},"5":{"start":{"line":15,"column":4},"end":{"line":15,"column":59}},"6":{"start":{"line":15,"column":21},"end":{"line":15,"column":49}},"7":{"start":{"line":15,"column":50},"end":{"line":15,"column":57}},"8":{"start":{"line":16,"column":15},"end":{"line":16,"column":24}},"9":{"start":{"line":17,"column":4},"end":{"line":17,"column":36}},"10":{"start":{"line":21,"column":4},"end":{"line":21,"column":28}},"11":{"start":{"line":22,"column":4},"end":{"line":22,"column":60}},"12":{"start":{"line":22,"column":18},"end":{"line":22,"column":60}},"13":{"start":{"line":23,"column":4},"end":{"line":23,"column":62}},"14":{"start":{"line":23,"column":19},"end":{"line":23,"column":62}},"15":{"start":{"line":24,"column":4},"end":{"line":24,"column":18}},"16":{"start":{"line":28,"column":4},"end":{"line":28,"column":59}},"17":{"start":{"line":28,"column":18},"end":{"line":28,"column":59}},"18":{"start":{"line":29,"column":4},"end":{"line":29,"column":28}},"19":{"start":{"line":30,"column":4},"end":{"line":30,"column":61}},"20":{"start":{"line":30,"column":19},"end":{"line":30,"column":61}},"21":{"start":{"line":31,"column":4},"end":{"line":31,"column":18}},"22":{"start":{"line":35,"column":4},"end":{"line":35,"column":61}},"23":{"start":{"line":35,"column":18},"end":{"line":35,"column":61}},"24":{"start":{"line":36,"column":4},"end":{"line":36,"column":63}},"25":{"start":{"line":36,"column":19},"end":{"line":36,"column":63}},"26":{"start":{"line":37,"column":4},"end":{"line":37,"column":28}},"27":{"start":{"line":38,"column":4},"end":{"line":38,"column":18}},"28":{"start":{"line":43,"column":12},"end":{"line":43,"column":14}},"29":{"start":{"line":44,"column":2},"end":{"line":44,"column":52}},"30":{"start":{"line":45,"column":2},"end":{"line":45,"column":81}}},"fnMap":{"0":{"name":"(anonymous_0)","decl":{"start":{"line":2,"column":2},"end":{"line":2,"column":3}},"loc":{"start":{"line":2,"column":21},"end":{"line":6,"column":3}},"line":2},"1":{"name":"(anonymous_1)","decl":{"start":{"line":10,"column":2},"end":{"line":10,"column":3}},"loc":{"start":{"line":10,"column":28},"end":{"line":12,"column":3}},"line":10},"2":{"name":"(anonymous_2)","decl":{"start":{"line":14,"column":2},"end":{"line":14,"column":3}},"loc":{"start":{"line":14,"column":13},"end":{"line":18,"column":3}},"line":14},"3":{"name":"(anonymous_3)","decl":{"start":{"line":20,"column":2},"end":{"line":20,"column":3}},"loc":{"start":{"line":20,"column":51},"end":{"line":25,"column":3}},"line":20},"4":{"name":"(anonymous_4)","decl":{"start":{"line":27,"column":2},"end":{"line":27,"column":3}},"loc":{"start":{"line":27,"column":50},"end":{"line":32,"column":3}},"line":27},"5":{"name":"(anonymous_5)","decl":{"start":{"line":34,"column":2},"end":{"line":34,"column":3}},"loc":{"start":{"line":34,"column":52},"end":{"line":39,"column":3}},"line":34},"6":{"name":"findAndDrop","decl":{"start":{"line":42,"column":9},"end":{"line":42,"column":20}},"loc":{"start":{"line":42,"column":34},"end":{"line":46,"column":1}},"line":42}},"branchMap":{"0":{"loc":{"start":{"line":10,"column":14},"end":{"line":10,"column":26}},"type":"default-arg","locations":[{"start":{"line":10,"column":22},"end":{"line":10,"column":26}}],"line":10},"1":{"loc":{"start":{"line":11,"column":4},"end":{"line":11,"column":58}},"type":"cond-expr","locations":[{"start":{"line":11,"column":12},"end":{"line":11,"column":39}},{"start":{"line":11,"column":42},"end":{"line":11,"column":58}}],"line":11},"2":{"loc":{"start":{"line":15,"column":4},"end":{"line":15,"column":59}},"type":"if","locations":[{"start":{"line":15,"column":4},"end":{"line":15,"column":59}},{"start":{"line":15,"column":4},"end":{"line":15,"column":59}}],"line":15},"3":{"loc":{"start":{"line":20,"column":20},"end":{"line":20,"column":36}},"type":"default-arg","locations":[{"start":{"line":20,"column":27},"end":{"line":20,"column":36}}],"line":20},"4":{"loc":{"start":{"line":20,"column":38},"end":{"line":20,"column":49}},"type":"default-arg","locations":[{"start":{"line":20,"column":47},"end":{"line":20,"column":49}}],"line":20},"5":{"loc":{"start":{"line":22,"column":4},"end":{"line":22,"column":60}},"type":"if","locations":[{"start":{"line":22,"column":4},"end":{"line":22,"column":60}},{"start":{"line":22,"column":4},"end":{"line":22,"column":60}}],"line":22},"6":{"loc":{"start":{"line":23,"column":4},"end":{"line":23,"column":62}},"type":"if","locations":[{"start":{"line":23,"column":4},"end":{"line":23,"column":62}},{"start":{"line":23,"column":4},"end":{"line":23,"column":62}}],"line":23},"7":{"loc":{"start":{"line":27,"column":19},"end":{"line":27,"column":35}},"type":"default-arg","locations":[{"start":{"line":27,"column":26},"end":{"line":27,"column":35}}],"line":27},"8":{"loc":{"start":{"line":27,"column":37},"end":{"line":27,"column":48}},"type":"default-arg","locations":[{"start":{"line":27,"column":46},"end":{"line":27,"column":48}}],"line":27},"9":{"loc":{"start":{"line":28,"column":4},"end":{"line":28,"column":59}},"type":"if","locations":[{"start":{"line":28,"column":4},"end":{"line":28,"column":59}},{"start":{"line":28,"column":4},"end":{"line":28,"column":59}}],"line":28},"10":{"loc":{"start":{"line":30,"column":4},"end":{"line":30,"column":61}},"type":"if","locations":[{"start":{"line":30,"column":4},"end":{"line":30,"column":61}},{"start":{"line":30,"column":4},"end":{"line":30,"column":61}}],"line":30},"11":{"loc":{"start":{"line":34,"column":21},"end":{"line":34,"column":37}},"type":"default-arg","locations":[{"start":{"line":34,"column":28},"end":{"line":34,"column":37}}],"line":34},"12":{"loc":{"start":{"line":34,"column":39},"end":{"line":34,"column":50}},"type":"default-arg","locations":[{"start":{"line":34,"column":48},"end":{"line":34,"column":50}}],"line":34},"13":{"loc":{"start":{"line":35,"column":4},"end":{"line":35,"column":61}},"type":"if","locations":[{"start":{"line":35,"column":4},"end":{"line":35,"column":61}},{"start":{"line":35,"column":4},"end":{"line":35,"column":61}}],"line":35},"14":{"loc":{"start":{"line":36,"column":4},"end":{"line":36,"column":63}},"type":"if","locations":[{"start":{"line":36,"column":4},"end":{"line":36,"column":63}},{"start":{"line":36,"column":4},"end":{"line":36,"column":63}}],"line":36},"15":{"loc":{"start":{"line":44,"column":2},"end":{"line":44,"column":51}},"type":"cond-expr","locations":[{"start":{"line":44,"column":23},"end":{"line":44,"column":36}},{"start":{"line":44,"column":39},"end":{"line":44,"column":51}}],"line":44},"16":{"loc":{"start":{"line":45,"column":9},"end":{"line":45,"column":80}},"type":"cond-expr","locations":[{"start":{"line":45,"column":21},"end":{"line":45,"column":50}},{"start":{"line":45,"column":53},"end":{"line":45,"column":80}}],"line":45}},"s":{"0":20,"1":20,"2":20,"3":1,"4":6,"5":16,"6":1,"7":1,"8":15,"9":15,"10":5,"11":5,"12":2,"13":5,"14":2,"15":5,"16":5,"17":2,"18":5,"19":5,"20":2,"21":5,"22":5,"23":2,"24":5,"25":2,"26":5,"27":5,"28":22,"29":22,"30":22},"f":{"0":20,"1":6,"2":16,"3":5,"4":5,"5":5,"6":22},"b":{"0":[2],"1":[4,2],"2":[1,15],"3":[1],"4":[1],"5":[2,3],"6":[2,3],"7":[1],"8":[1],"9":[2,3],"10":[2,3],"11":[1],"12":[1],"13":[2,3],"14":[2,3],"15":[8,14],"16":[7,15]},"_coverageSchema":"43e27e138ebf9cfc5966b082cf9a028302ed4184","hash":"5c68e23ad96b514ff789bb0d5a3a737e359f5389"}
}
