TN:
SF:/Users/lukedonahue/alchemy/career-track/data-structures-and-algorithms/challenges/arrayBinarySearch/array-binary-search.js
FN:1,binarySearch
FNF:1
FNH:1
FNDA:2,binarySearch
DA:2,2
DA:3,2
DA:4,13
DA:5,1
DA:8,2
DA:11,1
LF:6
LH:6
BRDA:4,0,0,1
BRDA:4,0,1,12
BRF:2
BRH:2
end_of_record
TN:
SF:/Users/lukedonahue/alchemy/career-track/data-structures-and-algorithms/challenges/arrayShift/array-shift.js
FN:1,arrayShift
FNF:1
FNH:1
FNDA:2,arrayShift
DA:2,2
DA:3,2
DA:4,9
DA:6,2
DA:7,2
DA:10,1
LF:6
LH:6
BRF:0
BRH:0
end_of_record
TN:
SF:/Users/lukedonahue/alchemy/career-track/data-structures-and-algorithms/challenges/linkedList/linked-list.js
FN:2,(anonymous_0)
FN:7,(anonymous_1)
FN:15,(anonymous_2)
FN:26,(anonymous_3)
FN:36,(anonymous_4)
FN:45,(anonymous_5)
FN:59,(anonymous_6)
FN:73,(anonymous_7)
FN:94,(anonymous_8)
FNF:9
FNH:9
FNDA:18,(anonymous_0)
FNDA:11,(anonymous_1)
FNDA:2,(anonymous_2)
FNDA:3,(anonymous_3)
FNDA:35,(anonymous_4)
FNDA:2,(anonymous_5)
FNDA:2,(anonymous_6)
FNDA:6,(anonymous_7)
FNDA:48,(anonymous_8)
DA:3,18
DA:4,18
DA:8,11
DA:9,11
DA:11,11
DA:12,11
DA:16,2
DA:17,2
DA:18,4
DA:19,1
DA:21,3
DA:23,1
DA:27,3
DA:28,3
DA:29,3
DA:30,14
DA:31,14
DA:33,3
DA:37,35
DA:38,35
DA:39,41
DA:41,35
DA:42,35
DA:46,2
DA:47,2
DA:48,1
DA:49,0
DA:51,1
DA:52,1
DA:53,1
DA:54,1
DA:56,1
DA:60,2
DA:61,2
DA:62,1
DA:63,0
DA:65,1
DA:66,1
DA:67,1
DA:68,1
DA:70,1
DA:74,6
DA:75,1
DA:76,5
DA:77,1
DA:78,4
DA:79,2
DA:81,2
DA:82,2
DA:83,4
DA:85,2
DA:95,48
DA:96,48
DA:100,1
LF:54
LH:52
BRDA:18,0,0,1
BRDA:18,0,1,3
BRDA:38,1,0,67
BRDA:38,1,1,9
BRDA:42,2,0,26
BRDA:42,2,1,9
BRDA:47,3,0,1
BRDA:47,3,1,1
BRDA:61,4,0,1
BRDA:61,4,1,1
BRDA:74,5,0,1
BRDA:74,5,1,5
BRDA:76,6,0,1
BRDA:76,6,1,4
BRDA:78,7,0,2
BRDA:78,7,1,2
BRF:16
BRH:16
end_of_record
TN:
SF:/Users/lukedonahue/alchemy/career-track/data-structures-and-algorithms/challenges/ll-merge/ll-merge.js
FN:3,merge
FNF:1
FNH:1
FNDA:2,merge
DA:1,1
DA:4,2
DA:5,2
DA:6,2
DA:7,2
DA:8,8
DA:9,8
DA:10,8
DA:11,6
DA:13,2
DA:16,1
LF:11
LH:11
BRDA:7,0,0,10
BRDA:7,0,1,2
BRDA:8,1,0,8
BRDA:8,1,1,0
BRDA:10,2,0,6
BRDA:10,2,1,2
BRF:6
BRH:5
end_of_record
