TN:
SF:/Users/lukedonahue/alchemy/career-track/data-structures-and-algorithms/challenges/arrayBinarySearch/array-binary-search.js
FN:1,binarySearch
FNF:1
FNH:1
FNDA:2,binarySearch
DA:2,2
DA:3,2
DA:4,13
DA:5,1
DA:8,2
DA:11,1
LF:6
LH:6
BRDA:4,0,0,1
BRDA:4,0,1,12
BRF:2
BRH:2
end_of_record
TN:
SF:/Users/lukedonahue/alchemy/career-track/data-structures-and-algorithms/challenges/arrayShift/array-shift.js
FN:1,arrayShift
FNF:1
FNH:1
FNDA:2,arrayShift
DA:2,2
DA:3,2
DA:4,9
DA:6,2
DA:7,2
DA:10,1
LF:6
LH:6
BRF:0
BRH:0
end_of_record
TN:
SF:/Users/lukedonahue/alchemy/career-track/data-structures-and-algorithms/challenges/linkedList/linked-list.js
FN:2,(anonymous_0)
FN:7,(anonymous_1)
FN:15,(anonymous_2)
FN:26,(anonymous_3)
FN:36,(anonymous_4)
FN:46,(anonymous_5)
FN:60,(anonymous_6)
FN:74,(anonymous_7)
FN:92,(anonymous_8)
FNF:9
FNH:9
FNDA:18,(anonymous_0)
FNDA:11,(anonymous_1)
FNDA:2,(anonymous_2)
FNDA:3,(anonymous_3)
FNDA:35,(anonymous_4)
FNDA:2,(anonymous_5)
FNDA:2,(anonymous_6)
FNDA:6,(anonymous_7)
FNDA:48,(anonymous_8)
DA:3,18
DA:4,18
DA:8,11
DA:9,11
DA:11,11
DA:12,11
DA:16,2
DA:17,2
DA:18,4
DA:19,1
DA:21,3
DA:23,1
DA:27,3
DA:28,3
DA:29,3
DA:30,14
DA:31,14
DA:33,3
DA:37,35
DA:38,35
DA:39,41
DA:41,35
DA:42,35
DA:43,35
DA:47,2
DA:48,2
DA:49,1
DA:50,0
DA:52,1
DA:53,1
DA:54,1
DA:55,1
DA:57,1
DA:61,2
DA:62,2
DA:63,1
DA:64,0
DA:66,1
DA:67,1
DA:68,1
DA:69,1
DA:71,1
DA:75,6
DA:76,1
DA:77,5
DA:78,1
DA:79,4
DA:80,2
DA:82,2
DA:83,2
DA:84,4
DA:86,2
DA:93,48
DA:94,48
DA:98,1
LF:55
LH:53
BRDA:18,0,0,1
BRDA:18,0,1,3
BRDA:38,1,0,67
BRDA:38,1,1,9
BRDA:42,2,0,26
BRDA:42,2,1,9
BRDA:48,3,0,1
BRDA:48,3,1,1
BRDA:62,4,0,1
BRDA:62,4,1,1
BRDA:75,5,0,1
BRDA:75,5,1,5
BRDA:77,6,0,1
BRDA:77,6,1,4
BRDA:79,7,0,2
BRDA:79,7,1,2
BRF:16
BRH:16
end_of_record
TN:
SF:/Users/lukedonahue/alchemy/career-track/data-structures-and-algorithms/challenges/ll-merge/ll-merge.js
FN:3,merge
FNF:1
FNH:1
FNDA:2,merge
DA:1,1
DA:4,2
DA:5,2
DA:6,2
DA:7,2
DA:8,8
DA:9,8
DA:10,8
DA:11,6
DA:13,2
DA:16,1
LF:11
LH:11
BRDA:7,0,0,10
BRDA:7,0,1,2
BRDA:8,1,0,8
BRDA:8,1,1,0
BRDA:10,2,0,6
BRDA:10,2,1,2
BRF:6
BRH:5
end_of_record
TN:
SF:/Users/lukedonahue/alchemy/career-track/data-structures-and-algorithms/challenges/pseudoQueue/pseudo-queue.js
FN:3,(anonymous_0)
FN:10,(anonymous_1)
FN:15,(anonymous_2)
FN:25,(anonymous_3)
FN:29,(anonymous_4)
FNF:5
FNH:4
FNDA:0,(anonymous_0)
FNDA:4,(anonymous_1)
FNDA:7,(anonymous_2)
FNDA:3,(anonymous_3)
FNDA:1,(anonymous_4)
DA:1,1
DA:4,0
DA:5,0
DA:11,4
DA:12,4
DA:16,7
DA:17,6
DA:19,7
DA:20,7
DA:21,13
DA:26,3
DA:30,1
DA:35,1
LF:13
LH:11
BRF:0
BRH:0
end_of_record
TN:
SF:/Users/lukedonahue/alchemy/career-track/data-structures-and-algorithms/challenges/stacksAndQueues/stacks-and-queues.js
FN:2,(anonymous_0)
FN:9,(anonymous_1)
FN:13,(anonymous_2)
FN:19,(anonymous_3)
FN:25,(anonymous_4)
FN:32,(anonymous_5)
FN:36,(anonymous_6)
FN:45,(anonymous_7)
FN:51,(anonymous_8)
FNF:9
FNH:9
FNDA:52,(anonymous_0)
FNDA:16,(anonymous_1)
FNDA:39,(anonymous_2)
FNDA:26,(anonymous_3)
FNDA:2,(anonymous_4)
FNDA:6,(anonymous_5)
FNDA:13,(anonymous_6)
FNDA:4,(anonymous_7)
FNDA:1,(anonymous_8)
DA:3,52
DA:4,52
DA:10,16
DA:14,39
DA:15,39
DA:16,39
DA:20,26
DA:21,26
DA:22,26
DA:26,2
DA:33,6
DA:37,13
DA:38,13
DA:39,4
DA:41,13
DA:42,13
DA:46,4
DA:47,4
DA:48,4
DA:52,1
DA:56,2
LF:21
LH:21
BRDA:38,0,0,12
BRDA:38,0,1,5
BRDA:42,1,0,8
BRDA:42,1,1,5
BRF:4
BRH:4
end_of_record
